# JRE version: Java(TM) SE Runtime Environment (8.0_121-b13) (build 1.8.0_121-b13)
# Java VM: Java HotSpot(TM) 64-Bit Server VM (25.121-b13 mixed mode windows-amd64 compressed oops)
Heap:
 PSYoungGen      total 355840K, used 124386K [0x00000000d5c00000, 0x00000000ffb00000, 0x0000000100000000)
  eden space 231424K, 0% used [0x00000000d5c00000,0x00000000d5c00000,0x00000000e3e00000)
  from space 124416K, 99% used [0x00000000e3e00000,0x00000000eb778a08,0x00000000eb780000)
  to   space 227840K, 0% used [0x00000000f1c80000,0x00000000f1c80000,0x00000000ffb00000)
 ParOldGen       total 1384448K, used 1269378K [0x0000000081400000, 0x00000000d5c00000, 0x00000000d5c00000)
  object space 1384448K, 91% used [0x0000000081400000,0x00000000ceba08d8,0x00000000d5c00000)
 Metaspace       used 54263K, capacity 54878K, committed 55336K, reserved 1097728K
  class space    used 6667K, capacity 6847K, committed 6952K, reserved 1048576K
GC Heap History (10 events):
Event: 44036.154 GC heap after
Heap after GC invocations=699 (full 80):
 PSYoungGen      total 475648K, used 131784K [0x00000000d5c00000, 0x00000000ffe00000, 0x0000000100000000)
  eden space 265728K, 0% used [0x00000000d5c00000,0x00000000d5c00000,0x00000000e5f80000)
  from space 209920K, 62% used [0x00000000e5f80000,0x00000000ee0321e0,0x00000000f2c80000)
  to   space 209408K, 0% used [0x00000000f3180000,0x00000000f3180000,0x00000000ffe00000)
 ParOldGen       total 1384448K, used 639314K [0x0000000081400000, 0x00000000d5c00000, 0x00000000d5c00000)
  object space 1384448K, 46% used [0x0000000081400000,0x00000000a8454bd0,0x00000000d5c00000)
 Metaspace       used 54259K, capacity 54878K, committed 55336K, reserved 1097728K
  class space    used 6667K, capacity 6847K, committed 6952K, reserved 1048576K
}
Event: 44157.888 GC heap before
{Heap before GC invocations=700 (full 80):
 PSYoungGen      total 475648K, used 397512K [0x00000000d5c00000, 0x00000000ffe00000, 0x0000000100000000)
  eden space 265728K, 100% used [0x00000000d5c00000,0x00000000e5f80000,0x00000000e5f80000)
  from space 209920K, 62% used [0x00000000e5f80000,0x00000000ee0321e0,0x00000000f2c80000)
  to   space 209408K, 0% used [0x00000000f3180000,0x00000000f3180000,0x00000000ffe00000)
 ParOldGen       total 1384448K, used 639314K [0x0000000081400000, 0x00000000d5c00000, 0x00000000d5c00000)
  object space 1384448K, 46% used [0x0000000081400000,0x00000000a8454bd0,0x00000000d5c00000)
 Metaspace       used 54263K, capacity 54878K, committed 55336K, reserved 1097728K
  class space    used 6667K, capacity 6847K, committed 6952K, reserved 1048576K
Event: 44158.063 GC heap after
Heap after GC invocations=700 (full 80):
 PSYoungGen      total 459264K, used 165986K [0x00000000d5c00000, 0x0000000100000000, 0x0000000100000000)
  eden space 249856K, 0% used [0x00000000d5c00000,0x00000000d5c00000,0x00000000e5000000)
  from space 209408K, 79% used [0x00000000f3180000,0x00000000fd398838,0x00000000ffe00000)
  to   space 221184K, 0% used [0x00000000e5000000,0x00000000e5000000,0x00000000f2800000)
 ParOldGen       total 1384448K, used 771339K [0x0000000081400000, 0x00000000d5c00000, 0x00000000d5c00000)
  object space 1384448K, 55% used [0x0000000081400000,0x00000000b0542db0,0x00000000d5c00000)
 Metaspace       used 54263K, capacity 54878K, committed 55336K, reserved 1097728K
  class space    used 6667K, capacity 6847K, committed 6952K, reserved 1048576K
}
Event: 44158.538 GC heap before
{Heap before GC invocations=701 (full 80):
 PSYoungGen      total 459264K, used 415842K [0x00000000d5c00000, 0x0000000100000000, 0x0000000100000000)
  eden space 249856K, 100% used [0x00000000d5c00000,0x00000000e5000000,0x00000000e5000000)
  from space 209408K, 79% used [0x00000000f3180000,0x00000000fd398838,0x00000000ffe00000)
  to   space 221184K, 0% used [0x00000000e5000000,0x00000000e5000000,0x00000000f2800000)
 ParOldGen       total 1384448K, used 771339K [0x0000000081400000, 0x00000000d5c00000, 0x00000000d5c00000)
  object space 1384448K, 55% used [0x0000000081400000,0x00000000b0542db0,0x00000000d5c00000)
 Metaspace       used 54263K, capacity 54878K, committed 55336K, reserved 1097728K
  class space    used 6667K, capacity 6847K, committed 6952K, reserved 1048576K
Event: 44158.713 GC heap after
Heap after GC invocations=701 (full 80):
 PSYoungGen      total 440320K, used 189966K [0x00000000d5c00000, 0x0000000100000000, 0x0000000100000000)
  eden space 249856K, 0% used [0x00000000d5c00000,0x00000000d5c00000,0x00000000e5000000)
  from space 190464K, 99% used [0x00000000e5000000,0x00000000f0983878,0x00000000f0a00000)
  to   space 230400K, 0% used [0x00000000f1f00000,0x00000000f1f00000,0x0000000100000000)
 ParOldGen       total 1384448K, used 935620K [0x0000000081400000, 0x00000000d5c00000, 0x00000000d5c00000)
  object space 1384448K, 67% used [0x0000000081400000,0x00000000ba5b11f0,0x00000000d5c00000)
 Metaspace       used 54263K, capacity 54878K, committed 55336K, reserved 1097728K
  class space    used 6667K, capacity 6847K, committed 6952K, reserved 1048576K
}
Event: 44159.036 GC heap before
{Heap before GC invocations=702 (full 80):
 PSYoungGen      total 440320K, used 439822K [0x00000000d5c00000, 0x0000000100000000, 0x0000000100000000)
  eden space 249856K, 100% used [0x00000000d5c00000,0x00000000e5000000,0x00000000e5000000)
  from space 190464K, 99% used [0x00000000e5000000,0x00000000f0983878,0x00000000f0a00000)
  to   space 230400K, 0% used [0x00000000f1f00000,0x00000000f1f00000,0x0000000100000000)
 ParOldGen       total 1384448K, used 935620K [0x0000000081400000, 0x00000000d5c00000, 0x00000000d5c00000)
  object space 1384448K, 67% used [0x0000000081400000,0x00000000ba5b11f0,0x00000000d5c00000)
 Metaspace       used 54263K, capacity 54878K, committed 55336K, reserved 1097728K
  class space    used 6667K, capacity 6847K, committed 6952K, reserved 1048576K
Event: 44159.210 GC heap after
Heap after GC invocations=702 (full 80):
 PSYoungGen      total 461824K, used 151358K [0x00000000d5c00000, 0x0000000100000000, 0x0000000100000000)
  eden space 231424K, 0% used [0x00000000d5c00000,0x00000000d5c00000,0x00000000e3e00000)
  from space 230400K, 65% used [0x00000000f1f00000,0x00000000fb2cfb00,0x0000000100000000)
  to   space 230400K, 0% used [0x00000000e3e00000,0x00000000e3e00000,0x00000000f1f00000)
 ParOldGen       total 1384448K, used 1122992K [0x0000000081400000, 0x00000000d5c00000, 0x00000000d5c00000)
  object space 1384448K, 81% used [0x0000000081400000,0x00000000c5cac120,0x00000000d5c00000)
 Metaspace       used 54263K, capacity 54878K, committed 55336K, reserved 1097728K
  class space    used 6667K, capacity 6847K, committed 6952K, reserved 1048576K
}
Event: 44159.460 GC heap before
{Heap before GC invocations=703 (full 80):
 PSYoungGen      total 461824K, used 382782K [0x00000000d5c00000, 0x0000000100000000, 0x0000000100000000)
  eden space 231424K, 100% used [0x00000000d5c00000,0x00000000e3e00000,0x00000000e3e00000)
  from space 230400K, 65% used [0x00000000f1f00000,0x00000000fb2cfb00,0x0000000100000000)
  to   space 230400K, 0% used [0x00000000e3e00000,0x00000000e3e00000,0x00000000f1f00000)
 ParOldGen       total 1384448K, used 1122992K [0x0000000081400000, 0x00000000d5c00000, 0x00000000d5c00000)
  object space 1384448K, 81% used [0x0000000081400000,0x00000000c5cac120,0x00000000d5c00000)
 Metaspace       used 54263K, capacity 54878K, committed 55336K, reserved 1097728K
  class space    used 6667K, capacity 6847K, committed 6952K, reserved 1048576K
Event: 44159.787 GC heap after
Heap after GC invocations=703 (full 80):
 PSYoungGen      total 355840K, used 124386K [0x00000000d5c00000, 0x00000000ffb00000, 0x0000000100000000)
  eden space 231424K, 0% used [0x00000000d5c00000,0x00000000d5c00000,0x00000000e3e00000)
  from space 124416K, 99% used [0x00000000e3e00000,0x00000000eb778a08,0x00000000eb780000)
  to   space 227840K, 0% used [0x00000000f1c80000,0x00000000f1c80000,0x00000000ffb00000)
 ParOldGen       total 1384448K, used 1269378K [0x0000000081400000, 0x00000000d5c00000, 0x00000000d5c00000)
  object space 1384448K, 91% used [0x0000000081400000,0x00000000ceba08d8,0x00000000d5c00000)
 Metaspace       used 54263K, capacity 54878K, committed 55336K, reserved 1097728K
  class space    used 6667K, capacity 6847K, committed 6952K, reserved 1048576K
}
Event: 44159.787 GC heap before
{Heap before GC invocations=704 (full 81):
 PSYoungGen      total 355840K, used 124386K [0x00000000d5c00000, 0x00000000ffb00000, 0x0000000100000000)
  eden space 231424K, 0% used [0x00000000d5c00000,0x00000000d5c00000,0x00000000e3e00000)
  from space 124416K, 99% used [0x00000000e3e00000,0x00000000eb778a08,0x00000000eb780000)
  to   space 227840K, 0% used [0x00000000f1c80000,0x00000000f1c80000,0x00000000ffb00000)
 ParOldGen       total 1384448K, used 1269378K [0x0000000081400000, 0x00000000d5c00000, 0x00000000d5c00000)
  object space 1384448K, 91% used [0x0000000081400000,0x00000000ceba08d8,0x00000000d5c00000)
 Metaspace       used 54263K, capacity 54878K, committed 55336K, reserved 1097728K
  class space    used 6667K, capacity 6847K, committed 6952K, reserved 1048576K

